0 info it worked if it ends with ok
1 verbose cli [ 'node', '/usr/local/bin/npm', 'install', 'child_process' ]
2 info using npm@1.3.8
3 info using node@v0.10.18
4 verbose cache add [ 'child_process', null ]
5 verbose cache add name=undefined spec="child_process" args=["child_process",null]
6 verbose parsed url { protocol: null,
6 verbose parsed url   slashes: null,
6 verbose parsed url   auth: null,
6 verbose parsed url   host: null,
6 verbose parsed url   port: null,
6 verbose parsed url   hostname: null,
6 verbose parsed url   hash: null,
6 verbose parsed url   search: null,
6 verbose parsed url   query: null,
6 verbose parsed url   pathname: 'child_process',
6 verbose parsed url   path: 'child_process',
6 verbose parsed url   href: 'child_process' }
7 silly lockFile 4845fa97-child-process child_process
8 verbose lock child_process /Users/wayne/.npm/4845fa97-child-process.lock
9 silly lockFile 4845fa97-child-process child_process
10 silly lockFile 4845fa97-child-process child_process
11 verbose addNamed [ 'child_process', '' ]
12 verbose addNamed [ null, '*' ]
13 silly lockFile 512a7ef6-child-process child_process@
14 verbose lock child_process@ /Users/wayne/.npm/512a7ef6-child-process.lock
15 silly addNameRange { name: 'child_process', range: '*', hasData: false }
16 verbose url raw child_process
17 verbose url resolving [ 'https://registry.npmjs.org/', './child_process' ]
18 verbose url resolved https://registry.npmjs.org/child_process
19 info trying registry request attempt 1 at 11:29:12
20 http GET https://registry.npmjs.org/child_process
21 http 404 https://registry.npmjs.org/child_process
22 silly registry.get cb [ 404,
22 silly registry.get   { date: 'Mon, 11 Aug 2014 03:29:13 GMT',
22 silly registry.get     server: 'CouchDB/1.5.0 (Erlang OTP/R16B03)',
22 silly registry.get     'content-type': 'application/json',
22 silly registry.get     'cache-control': 'max-age=0',
22 silly registry.get     'content-length': '52',
22 silly registry.get     'accept-ranges': 'bytes',
22 silly registry.get     via: '1.1 varnish',
22 silly registry.get     age: '0',
22 silly registry.get     'x-served-by': 'cache-ty66-TYO',
22 silly registry.get     'x-cache': 'MISS',
22 silly registry.get     'x-cache-hits': '0',
22 silly registry.get     'x-timer': 'S1407727752.892977,VS0,VE120',
22 silly registry.get     'keep-alive': 'timeout=10, max=50',
22 silly registry.get     connection: 'Keep-Alive' } ]
23 silly lockFile 512a7ef6-child-process child_process@
24 silly lockFile 512a7ef6-child-process child_process@
25 error 404 'child_process' is not in the npm registry.
25 error 404 You should bug the author to publish it
25 error 404
25 error 404 Note that you can also install from a
25 error 404 tarball, folder, or http url, or git url.
26 error System Darwin 13.3.0
27 error command "node" "/usr/local/bin/npm" "install" "child_process"
28 error cwd /Users/wayne/Documents/nodeSchoolTry/stream-adventure
29 error node -v v0.10.18
30 error npm -v 1.3.8
31 error code E404
32 verbose exit [ 1, true ]
